App/bin/android/bin/app/build/outputs/logs/manifest-merger-debug-report.txt
-- Merging decision tree log ---
manifest
ADDED from src\main\AndroidManifest.xml:2:1-31:12
	package
		ADDED from src\main\AndroidManifest.xml:2:70-105
		INJECTED from src\main\AndroidManifest.xml
		INJECTED from src\main\AndroidManifest.xml
	android:versionName
		ADDED from src\main\AndroidManifest.xml:2:131-158
		INJECTED from src\main\AndroidManifest.xml
		INJECTED from src\main\AndroidManifest.xml
	android:versionCode
		ADDED from src\main\AndroidManifest.xml:2:106-130
		INJECTED from src\main\AndroidManifest.xml
		INJECTED from src\main\AndroidManifest.xml
	xmlns:android
		ADDED from src\main\AndroidManifest.xml:2:11-69
	android:installLocation
		ADDED from src\main\AndroidManifest.xml:2:159-189
uses-feature#0x00020000
ADDED from src\main\AndroidManifest.xml:4:2-75
	android:glEsVersion
		ADDED from src\main\AndroidManifest.xml:4:16-48
	android:required
		ADDED from src\main\AndroidManifest.xml:4:49-72
uses-feature#android.hardware.touchscreen
ADDED from src\main\AndroidManifest.xml:5:2-87
	android:required
		ADDED from src\main\AndroidManifest.xml:5:60-84
	android:name
		ADDED from src\main\AndroidManifest.xml:5:16-59
uses-permission#android.permission.WAKE_LOCK
ADDED from src\main\AndroidManifest.xml:7:2-65
	android:name
		ADDED from src\main\AndroidManifest.xml:7:19-62
uses-permission#android.permission.INTERNET
ADDED from src\main\AndroidManifest.xml:8:2-64
	android:name
		ADDED from src\main\AndroidManifest.xml:8:19-61
uses-permission#android.permission.VIBRATE
ADDED from src\main\AndroidManifest.xml:9:2-63
	android:name
		ADDED from src\main\AndroidManifest.xml:9:19-60
uses-permission#android.permission.ACCESS_NETWORK_STATE
ADDED from src\main\AndroidManifest.xml:10:2-76
	android:name
		ADDED from src\main\AndroidManifest.xml:10:19-73
uses-sdk
ADDED from src\main\AndroidManifest.xml:13:2-69
MERGED from [bin.deps:extension-api:unspecified] AndroidManifest.xml:5:5-43
	android:targetSdkVersion
		ADDED from src\main\AndroidManifest.xml:13:38-67
		INJECTED from src\main\AndroidManifest.xml
		INJECTED from src\main\AndroidManifest.xml
	android:minSdkVersion
		ADDED from src\main\AndroidManifest.xml:13:12-37
		INJECTED from src\main\AndroidManifest.xml
		INJECTED from src\main\AndroidManifest.xml
application
ADDED from src\main\AndroidManifest.xml:15:2-29:16
	android:label
		ADDED from src\main\AndroidManifest.xml:15:15-40
	android:hardwareAccelerated
		ADDED from src\main\AndroidManifest.xml:15:158-192
	android:allowBackup
		ADDED from src\main\AndroidManifest.xml:15:72-98
	android:icon
		ADDED from src\main\AndroidManifest.xml:15:42-71
	android:theme
		ADDED from src\main\AndroidManifest.xml:15:99-157
activity#com.neuroMADLAB.Influenca.MainActivity
ADDED from src\main\AndroidManifest.xml:17:3-27:14
	android:label
		ADDED from src\main\AndroidManifest.xml:17:73-98
	android:launchMode
		ADDED from src\main\AndroidManifest.xml:17:41-72
	android:configChanges
		ADDED from src\main\AndroidManifest.xml:17:99-173
	android:name
		ADDED from src\main\AndroidManifest.xml:17:13-40
intent-filter#android.intent.action.MAIN+android.intent.category.LAUNCHER+tv.ouya.intent.category.GAME
ADDED from src\main\AndroidManifest.xml:19:4-25:20
action#android.intent.action.MAIN
ADDED from src\main\AndroidManifest.xml:21:5-57
	android:name
		ADDED from src\main\AndroidManifest.xml:21:13-54
category#android.intent.category.LAUNCHER
ADDED from src\main\AndroidManifest.xml:22:5-65
	android:name
		ADDED from src\main\AndroidManifest.xml:22:15-62
category#tv.ouya.intent.category.GAME
ADDED from src\main\AndroidManifest.xml:23:5-61
	android:name
		ADDED from src\main\AndroidManifest.xml:23:15-58